build/outputs/logs/manifest-merger-debug-report.txt
-- Merging decision tree log ---
manifest
ADDED from DreamFish\CmyNoteEclipse\AndroidManifest.xml:2:1-53:12
	package
		ADDED from DreamFish\CmyNoteEclipse\AndroidManifest.xml:3:5-29
	android:versionName
		ADDED from DreamFish\CmyNoteEclipse\AndroidManifest.xml:5:5-30
		INJECTED from DreamFish\CmyNoteEclipse\AndroidManifest.xml
		INJECTED from DreamFish\CmyNoteEclipse\AndroidManifest.xml
	android:versionCode
		ADDED from DreamFish\CmyNoteEclipse\AndroidManifest.xml:4:5-28
		INJECTED from DreamFish\CmyNoteEclipse\AndroidManifest.xml
		INJECTED from DreamFish\CmyNoteEclipse\AndroidManifest.xml
	xmlns:android
		ADDED from DreamFish\CmyNoteEclipse\AndroidManifest.xml:2:11-69
uses-sdk
ADDED from DreamFish\CmyNoteEclipse\AndroidManifest.xml:7:5-9:41
	android:targetSdkVersion
		ADDED from DreamFish\CmyNoteEclipse\AndroidManifest.xml:9:9-38
	android:minSdkVersion
		ADDED from DreamFish\CmyNoteEclipse\AndroidManifest.xml:8:9-35
uses-permission#android.permission.INTERNET
ADDED from DreamFish\CmyNoteEclipse\AndroidManifest.xml:11:5-67
	android:name
		ADDED from DreamFish\CmyNoteEclipse\AndroidManifest.xml:11:22-64
uses-permission#android.permission.ACCESS_NETWORK_STATE
ADDED from DreamFish\CmyNoteEclipse\AndroidManifest.xml:12:5-79
	android:name
		ADDED from DreamFish\CmyNoteEclipse\AndroidManifest.xml:12:22-76
uses-permission#android.permission.ACCESS_WIFI_STATE
ADDED from DreamFish\CmyNoteEclipse\AndroidManifest.xml:13:5-76
	android:name
		ADDED from DreamFish\CmyNoteEclipse\AndroidManifest.xml:13:22-73
uses-permission#android.permission.WAKE_LOCK
ADDED from DreamFish\CmyNoteEclipse\AndroidManifest.xml:14:5-68
	android:name
		ADDED from DreamFish\CmyNoteEclipse\AndroidManifest.xml:14:22-65
uses-permission#android.permission.WRITE_EXTERNAL_STORAGE
ADDED from DreamFish\CmyNoteEclipse\AndroidManifest.xml:15:5-81
	android:name
		ADDED from DreamFish\CmyNoteEclipse\AndroidManifest.xml:15:22-78
uses-permission#android.permission.READ_PHONE_STATE
ADDED from DreamFish\CmyNoteEclipse\AndroidManifest.xml:16:5-75
	android:name
		ADDED from DreamFish\CmyNoteEclipse\AndroidManifest.xml:16:22-72
application
ADDED from DreamFish\CmyNoteEclipse\AndroidManifest.xml:18:5-51:19
	android:label
		ADDED from DreamFish\CmyNoteEclipse\AndroidManifest.xml:22:9-41
	android:allowBackup
		ADDED from DreamFish\CmyNoteEclipse\AndroidManifest.xml:20:9-35
	android:icon
		ADDED from DreamFish\CmyNoteEclipse\AndroidManifest.xml:21:9-45
	android:theme
		ADDED from DreamFish\CmyNoteEclipse\AndroidManifest.xml:23:9-62
	android:name
		ADDED from DreamFish\CmyNoteEclipse\AndroidManifest.xml:19:9-56
activity#cn.cmy.cmynote.activity.WelcomeActivity
ADDED from DreamFish\CmyNoteEclipse\AndroidManifest.xml:24:9-32:20
	android:label
		ADDED from DreamFish\CmyNoteEclipse\AndroidManifest.xml:26:13-45
	android:name
		ADDED from DreamFish\CmyNoteEclipse\AndroidManifest.xml:25:13-67
intent-filter#android.intent.action.MAIN+android.intent.category.LAUNCHER
ADDED from DreamFish\CmyNoteEclipse\AndroidManifest.xml:27:13-31:29
action#android.intent.action.MAIN
ADDED from DreamFish\CmyNoteEclipse\AndroidManifest.xml:28:17-69
	android:name
		ADDED from DreamFish\CmyNoteEclipse\AndroidManifest.xml:28:25-66
category#android.intent.category.LAUNCHER
ADDED from DreamFish\CmyNoteEclipse\AndroidManifest.xml:30:17-77
	android:name
		ADDED from DreamFish\CmyNoteEclipse\AndroidManifest.xml:30:27-74
activity#cn.cmy.cmynote.activity.MainActivity
ADDED from DreamFish\CmyNoteEclipse\AndroidManifest.xml:33:9-34:20
	android:name
		ADDED from DreamFish\CmyNoteEclipse\AndroidManifest.xml:33:19-70
activity#cn.cmy.cmynote.activity.AddActivity
ADDED from DreamFish\CmyNoteEclipse\AndroidManifest.xml:35:9-36:20
	android:name
		ADDED from DreamFish\CmyNoteEclipse\AndroidManifest.xml:35:19-69
activity#cn.cmy.cmynote.activity.NoteActivity
ADDED from DreamFish\CmyNoteEclipse\AndroidManifest.xml:37:9-38:20
	android:name
		ADDED from DreamFish\CmyNoteEclipse\AndroidManifest.xml:37:19-70
activity#cn.cmy.cmynote.activity.SkinActivity
ADDED from DreamFish\CmyNoteEclipse\AndroidManifest.xml:39:9-40:20
	android:name
		ADDED from DreamFish\CmyNoteEclipse\AndroidManifest.xml:39:19-70
activity#cn.cmy.cmynote.activity.AboutActivity
ADDED from DreamFish\CmyNoteEclipse\AndroidManifest.xml:41:9-42:20
	android:name
		ADDED from DreamFish\CmyNoteEclipse\AndroidManifest.xml:41:19-71
activity#cn.cmy.cmynote.activity.LoginActivity
ADDED from DreamFish\CmyNoteEclipse\AndroidManifest.xml:43:9-46:20
	android:screenOrientation
		ADDED from DreamFish\CmyNoteEclipse\AndroidManifest.xml:45:13-49
	android:name
		ADDED from DreamFish\CmyNoteEclipse\AndroidManifest.xml:44:13-65
activity#cn.cmy.cmynote.activity.RegistActivity
ADDED from DreamFish\CmyNoteEclipse\AndroidManifest.xml:47:9-50:20
	android:screenOrientation
		ADDED from DreamFish\CmyNoteEclipse\AndroidManifest.xml:49:13-49
	android:name
		ADDED from DreamFish\CmyNoteEclipse\AndroidManifest.xml:48:13-66